[0;34mansible-playbook [core 2.12.5.post0][0m
[0;34m  config file = None[0m
[0;34m  configured module search path = ['/home/runner/.ansible/plugins/modules', '/usr/share/ansible/plugins/modules'][0m
[0;34m  ansible python module location = /usr/local/lib/python3.8/site-packages/ansible[0m
[0;34m  ansible collection location = /home/runner/.ansible/collections:/usr/share/ansible/collections[0m
[0;34m  executable location = /usr/local/bin/ansible-playbook[0m
[0;34m  python version = 3.8.13 (default, Jun 24 2022, 15:27:57) [GCC 8.5.0 20210514 (Red Hat 8.5.0-13)][0m
[0;34m  jinja version = 2.11.3[0m
[0;34m  libyaml = True[0m
[0;34mNo config file found; using defaults[0m
SSH password: 
BECOME password[defaults to SSH password]: 
[0;34msetting up inventory plugins[0m
[0;34mhost_list declined parsing /runner/inventory/hosts as it did not pass its verify_file() method[0m
[0;34mauto declined parsing /runner/inventory/hosts as it did not pass its verify_file() method[0m
[0;34mSet default localhost to localhost[0m
[0;34mNot replacing invalid character(s) "{'-'}" in group name (docker-host)[0m
[1;35m[WARNING]: Invalid characters were found in group names but not replaced, use[0m
[1;35m-vvvv to see details[0m
[0;34mParsed /runner/inventory/hosts inventory source with yaml plugin[0m
[1;35m[WARNING]: Found both group and host with same name: netbox[0m
[1;35m[WARNING]: Found both group and host with same name: localhost[0m
[1;35m[WARNING]: Found both group and host with same name: docker-host[0m
[0;34mLoading callback plugin default of type stdout, v2.0 from /usr/local/lib/python3.8/site-packages/ansible/plugins/callback/default.py[0m
[0;34mLoading callback plugin awx_display of type stdout, v2.0 from /runner/artifacts/93a1b50d-a222-430e-906f-9a2067fef8e9/callback/awx_display.py[0m
[0;34mSkipping callback 'awx_display', as we already have a stdout callback.[0m
[0;34mSkipping callback 'default', as we already have a stdout callback.[0m
[0;34mSkipping callback 'minimal', as we already have a stdout callback.[0m
[0;34mSkipping callback 'oneline', as we already have a stdout callback.[0m

PLAYBOOK: step02.yml ***********************************************************
[0;34mPositional arguments: /data/project/playbooks/step02.yml[0m
[0;34mverbosity: 4[0m
[0;34mconnection: smart[0m
[0;34mtimeout: 10[0m
[0;34mask_pass: True[0m
[0;34mbecome_method: sudo[0m
[0;34mbecome_ask_pass: True[0m
[0;34mtags: ('all',)[0m
[0;34minventory: ('/runner/inventory/hosts',)[0m
[0;34mextra_vars: ('ansible_runner_dir=/home/mddo/playground_20230407/demo/copy_to_emulated_env', 'playground_dir=/home/mddo/playground_20230407', 'model_merge_dir=/home/mddo/Desktop/OOL/model-merge', 'nodered_url=http://172.22.0.8:1880', 'labname=demo202301', 'login_user=mddo', 'netoviz_url=http://172.17.0.1:3000', 'network_name=mddo-ospf', 'demo_dir=/home/mddo/playground_20230407/configs/mddo-ospf')[0m
[0;34mforks: 5[0m
[0;34m1 plays in /data/project/playbooks/step02.yml[0m

PLAY [localhost] ***************************************************************
[0;34mMETA: ran handlers[0m

TASK [get convert table] *******************************************************
[1;30mtask path: /data/project/playbooks/step02.yml:43[0m
[0;34m<127.0.0.1> ESTABLISH LOCAL CONNECTION FOR USER: runner[0m
[0;34m<127.0.0.1> EXEC /bin/sh -c 'echo ~runner && sleep 0'[0m
[0;34m<127.0.0.1> EXEC /bin/sh -c '( umask 77 && mkdir -p "` echo /home/runner/.ansible/tmp `"&& mkdir "` echo /home/runner/.ansible/tmp/ansible-tmp-1680854455.2641299-31-78828739237825 `" && echo ansible-tmp-1680854455.2641299-31-78828739237825="` echo /home/runner/.ansible/tmp/ansible-tmp-1680854455.2641299-31-78828739237825 `" ) && sleep 0'[0m
[0;34m<localhost> Attempting python interpreter discovery[0m
[0;34m<127.0.0.1> EXEC /bin/sh -c 'echo PLATFORM; uname; echo FOUND; command -v '"'"'python3.10'"'"'; command -v '"'"'python3.9'"'"'; command -v '"'"'python3.8'"'"'; command -v '"'"'python3.7'"'"'; command -v '"'"'python3.6'"'"'; command -v '"'"'python3.5'"'"'; command -v '"'"'/usr/bin/python3'"'"'; command -v '"'"'/usr/libexec/platform-python'"'"'; command -v '"'"'python2.7'"'"'; command -v '"'"'python2.6'"'"'; command -v '"'"'/usr/bin/python'"'"'; command -v '"'"'python'"'"'; echo ENDFOUND && sleep 0'[0m
[0;34m<127.0.0.1> EXEC /bin/sh -c '/usr/bin/python3.9 && sleep 0'[0m
[0;34mUsing module file /usr/local/lib/python3.8/site-packages/ansible/modules/uri.py[0m
[0;34m<127.0.0.1> PUT /home/runner/.ansible/tmp/ansible-local-25nf0s3gi3/tmpcm4klslg TO /home/runner/.ansible/tmp/ansible-tmp-1680854455.2641299-31-78828739237825/AnsiballZ_uri.py[0m
[0;34m<127.0.0.1> EXEC /bin/sh -c 'chmod u+x /home/runner/.ansible/tmp/ansible-tmp-1680854455.2641299-31-78828739237825/ /home/runner/.ansible/tmp/ansible-tmp-1680854455.2641299-31-78828739237825/AnsiballZ_uri.py && sleep 0'[0m
[0;34m<127.0.0.1> EXEC /bin/sh -c '/usr/libexec/platform-python /home/runner/.ansible/tmp/ansible-tmp-1680854455.2641299-31-78828739237825/AnsiballZ_uri.py && sleep 0'[0m
[0;34m<127.0.0.1> EXEC /bin/sh -c 'rm -f -r /home/runner/.ansible/tmp/ansible-tmp-1680854455.2641299-31-78828739237825/ > /dev/null 2>&1 && sleep 0'[0m
[0;32mok: [localhost] => {[0m
[0;32m    "ansible_facts": {[0m
[0;32m        "discovered_interpreter_python": "/usr/libexec/platform-python"[0m
[0;32m    },[0m
[0;32m    "changed": false,[0m
[0;32m    "connection": "close",[0m
[0;32m    "content_length": "6754",[0m
[0;32m    "content_type": "application/json",[0m
[0;32m    "cookies": {},[0m
[0;32m    "cookies_string": "",[0m
[0;32m    "date": "Fri, 07 Apr 2023 08:00:55 GMT",[0m
[0;32m    "elapsed": 0,[0m
[0;32m    "invocation": {[0m
[0;32m        "module_args": {[0m
[0;32m            "attributes": null,[0m
[0;32m            "body": null,[0m
[0;32m            "body_format": "json",[0m
[0;32m            "ca_path": null,[0m
[0;32m            "client_cert": null,[0m
[0;32m            "client_key": null,[0m
[0;32m            "creates": null,[0m
[0;32m            "dest": null,[0m
[0;32m            "follow_redirects": "safe",[0m
[0;32m            "force": false,[0m
[0;32m            "force_basic_auth": false,[0m
[0;32m            "group": null,[0m
[0;32m            "headers": {[0m
[0;32m                "Content-Type": "application/json"[0m
[0;32m            },[0m
[0;32m            "http_agent": "ansible-httpget",[0m
[0;32m            "method": "GET",[0m
[0;32m            "mode": null,[0m
[0;32m            "owner": null,[0m
[0;32m            "remote_src": false,[0m
[0;32m            "removes": null,[0m
[0;32m            "return_content": false,[0m
[0;32m            "selevel": null,[0m
[0;32m            "serole": null,[0m
[0;32m            "setype": null,[0m
[0;32m            "seuser": null,[0m
[0;32m            "src": null,[0m
[0;32m            "status_code": [[0m
[0;32m                200[0m
[0;32m            ],[0m
[0;32m            "timeout": 30,[0m
[0;32m            "unix_socket": null,[0m
[0;32m            "unredirected_headers": [],[0m
[0;32m            "unsafe_writes": false,[0m
[0;32m            "url": "http://playground_20230407-api-proxy-1/topologies/mddo-ospf/emulated_asis/topology/layer3/config_params",[0m
[0;32m            "url_password": null,[0m
[0;32m            "url_username": null,[0m
[0;32m            "use_gssapi": false,[0m
[0;32m            "use_proxy": true,[0m
[0;32m            "validate_certs": true[0m
[0;32m        }[0m
[0;32m    },[0m
[0;32m    "json": [[0m
[0;32m        {[0m
[0;32m            "agent_name": "Seg-192.168.0.0-30",[0m
[0;32m            "if_list": [[0m
[0;32m                {[0m
[0;32m                    "agent_name": "Ethernet1",[0m
[0;32m                    "description": "to_regiona-rt1_eth1.0",[0m
[0;32m                    "ipv4": null,[0m
[0;32m                    "name": "regiona-rt1_eth1.0",[0m
[0;32m                    "original_if": "regiona-rt1_ge-0/0/0.0"[0m
[0;32m                },[0m
[0;32m                {[0m
[0;32m                    "agent_name": "Ethernet2",[0m
[0;32m                    "description": "to_regiona-rt2_eth1.0",[0m
[0;32m                    "ipv4": null,[0m
[0;32m                    "name": "regiona-rt2_eth1.0",[0m
[0;32m                    "original_if": "regiona-rt2_ge-0/0/0.0"[0m
[0;32m                }[0m
[0;32m            ],[0m
[0;32m            "name": "Seg_192.168.0.0/30",[0m
[0;32m            "type": "segment"[0m
[0;32m        },[0m
[0;32m        {[0m
[0;32m            "agent_name": "regiona-rt1",[0m
[0;32m            "if_list": [[0m
[0;32m                {[0m
[0;32m                    "agent_name": "eth1.0",[0m
[0;32m                    "description": "to_Seg-192.168.0.0-30_Ethernet1",[0m
[0;32m                    "ipv4": "192.168.0.1/30",[0m
[0;32m                    "name": "eth1.0",[0m
[0;32m                    "original_if": "ge-0/0/0.0"[0m
[0;32m                },[0m
[0;32m                {[0m
[0;32m                    "agent_name": "eth2.0",[0m
[0;32m                    "description": "to_Seg-172.16.0.0-30_Ethernet1",[0m
[0;32m                    "ipv4": "172.16.0.1/30",[0m
[0;32m                    "name": "eth2.0",[0m
[0;32m                    "original_if": "ge-0/0/1.0"[0m
[0;32m                },[0m
[0;32m                {[0m
[0;32m                    "agent_name": "eth3.0",[0m
[0;32m                    "description": "to_Seg-172.16.1.0-30_Ethernet1",[0m
[0;32m                    "ipv4": "172.16.1.1/30",[0m
[0;32m                    "name": "eth3.0",[0m
[0;32m                    "original_if": "ge-0/0/2.0"[0m
[0;32m                }[0m
[0;32m            ],[0m
[0;32m            "name": "regiona-rt1",[0m
[0;32m            "type": "node"[0m
[0;32m        },[0m
[0;32m        {[0m
[0;32m            "agent_name": "regiona-rt2",[0m
[0;32m            "if_list": [[0m
[0;32m                {[0m
[0;32m                    "agent_name": "eth1.0",[0m
[0;32m                    "description": "to_Seg-192.168.0.0-30_Ethernet2",[0m
[0;32m                    "ipv4": "192.168.0.2/30",[0m
[0;32m                    "name": "eth1.0",[0m
[0;32m                    "original_if": "ge-0/0/0.0"[0m
[0;32m                },[0m
[0;32m                {[0m
[0;32m                    "agent_name": "eth2.0",[0m
[0;32m                    "description": "to_Seg-192.168.100.0-24_Ethernet1",[0m
[0;32m                    "ipv4": "192.168.100.1/24",[0m
[0;32m                    "name": "eth2.0",[0m
[0;32m                    "original_if": "ge-0/0/1.0"[0m
[0;32m                }[0m
[0;32m            ],[0m
[0;32m            "name": "regiona-rt2",[0m
[0;32m            "type": "node"[0m
[0;32m        },[0m
[0;32m        {[0m
[0;32m            "agent_name": "Seg-172.16.0.0-30",[0m
[0;32m            "if_list": [[0m
[0;32m                {[0m
[0;32m                    "agent_name": "Ethernet1",[0m
[0;32m                    "description": "to_regiona-rt1_eth2.0",[0m
[0;32m                    "ipv4": null,[0m
[0;32m                    "name": "regiona-rt1_eth2.0",[0m
[0;32m                    "original_if": "regiona-rt1_ge-0/0/1.0"[0m
[0;32m                },[0m
[0;32m                {[0m
[0;32m                    "agent_name": "Ethernet2",[0m
[0;32m                    "description": "to_regionb-rt1_eth1.0",[0m
[0;32m                    "ipv4": null,[0m
[0;32m                    "name": "regionb-rt1_eth1.0",[0m
[0;32m                    "original_if": "regionb-rt1_Ethernet2"[0m
[0;32m                }[0m
[0;32m            ],[0m
[0;32m            "name": "Seg_172.16.0.0/30",[0m
[0;32m            "type": "segment"[0m
[0;32m        },[0m
[0;32m        {[0m
[0;32m            "agent_name": "regionb-rt1",[0m
[0;32m            "if_list": [[0m
[0;32m                {[0m
[0;32m                    "agent_name": "eth1.0",[0m
[0;32m                    "description": "to_Seg-172.16.0.0-30_Ethernet2",[0m
[0;32m                    "ipv4": "172.16.0.2/30",[0m
[0;32m                    "name": "eth1.0",[0m
[0;32m                    "original_if": "Ethernet2"[0m
[0;32m                },[0m
[0;32m                {[0m
[0;32m                    "agent_name": "eth2.0",[0m
[0;32m                    "description": "to_Seg-172.16.2.0-30_Ethernet2",[0m
[0;32m                    "ipv4": "172.16.2.1/30",[0m
[0;32m                    "name": "eth2.0",[0m
[0;32m                    "original_if": "Ethernet3"[0m
[0;32m                },[0m
[0;32m                {[0m
[0;32m                    "agent_name": "eth3.0",[0m
[0;32m                    "description": "to_Seg-192.168.1.0-30_Ethernet1",[0m
[0;32m                    "ipv4": "192.168.1.1/30",[0m
[0;32m                    "name": "eth3.0",[0m
[0;32m                    "original_if": "Ethernet1"[0m
[0;32m                }[0m
[0;32m            ],[0m
[0;32m            "name": "regionb-rt1",[0m
[0;32m            "type": "node"[0m
[0;32m        },[0m
[0;32m        {[0m
[0;32m            "agent_name": "Seg-172.16.1.0-30",[0m
[0;32m            "if_list": [[0m
[0;32m                {[0m
[0;32m                    "agent_name": "Ethernet1",[0m
[0;32m                    "description": "to_regiona-rt1_eth3.0",[0m
[0;32m                    "ipv4": null,[0m
[0;32m                    "name": "regiona-rt1_eth3.0",[0m
[0;32m                    "original_if": "regiona-rt1_ge-0/0/2.0"[0m
[0;32m                },[0m
[0;32m                {[0m
[0;32m                    "agent_name": "Ethernet2",[0m
[0;32m                    "description": "to_regionc-rt1_eth1.0",[0m
[0;32m                    "ipv4": null,[0m
[0;32m                    "name": "regionc-rt1_eth1.0",[0m
[0;32m                    "original_if": "regionc-rt1_GigabitEthernet0/0/0/1"[0m
[0;32m                }[0m
[0;32m            ],[0m
[0;32m            "name": "Seg_172.16.1.0/30",[0m
[0;32m            "type": "segment"[0m
[0;32m        },[0m
[0;32m        {[0m
[0;32m            "agent_name": "regionc-rt1",[0m
[0;32m            "if_list": [[0m
[0;32m                {[0m
[0;32m                    "agent_name": "eth1.0",[0m
[0;32m                    "description": "to_Seg-172.16.1.0-30_Ethernet2",[0m
[0;32m                    "ipv4": "172.16.1.2/30",[0m
[0;32m                    "name": "eth1.0",[0m
[0;32m                    "original_if": "GigabitEthernet0/0/0/1"[0m
[0;32m                },[0m
[0;32m                {[0m
[0;32m                    "agent_name": "eth2.0",[0m
[0;32m                    "description": "to_Seg-192.168.2.0-30_Ethernet1",[0m
[0;32m                    "ipv4": "192.168.2.1/30",[0m
[0;32m                    "name": "eth2.0",[0m
[0;32m                    "original_if": "GigabitEthernet0/0/0/0"[0m
[0;32m                },[0m
[0;32m                {[0m
[0;32m                    "agent_name": "eth3.0",[0m
[0;32m                    "description": "to_Seg-172.16.2.0-30_Ethernet1",[0m
[0;32m                    "ipv4": "172.16.2.2/30",[0m
[0;32m                    "name": "eth3.0",[0m
[0;32m                    "original_if": "GigabitEthernet0/0/0/2"[0m
[0;32m                }[0m
[0;32m            ],[0m
[0;32m            "name": "regionc-rt1",[0m
[0;32m            "type": "node"[0m
[0;32m        },[0m
[0;32m        {[0m
[0;32m            "agent_name": "Seg-192.168.2.0-30",[0m
[0;32m            "if_list": [[0m
[0;32m                {[0m
[0;32m                    "agent_name": "Ethernet1",[0m
[0;32m                    "description": "to_regionc-rt1_eth2.0",[0m
[0;32m                    "ipv4": null,[0m
[0;32m                    "name": "regionc-rt1_eth2.0",[0m
[0;32m                    "original_if": "regionc-rt1_GigabitEthernet0/0/0/0"[0m
[0;32m                },[0m
[0;32m                {[0m
[0;32m                    "agent_name": "Ethernet2",[0m
[0;32m                    "description": "to_regionc-rt2_eth1.0",[0m
[0;32m                    "ipv4": null,[0m
[0;32m                    "name": "regionc-rt2_eth1.0",[0m
[0;32m                    "original_if": "regionc-rt2_GigabitEthernet0/0/0/0"[0m
[0;32m                }[0m
[0;32m            ],[0m
[0;32m            "name": "Seg_192.168.2.0/30",[0m
[0;32m            "type": "segment"[0m
[0;32m        },[0m
[0;32m        {[0m
[0;32m            "agent_name": "regionc-rt2",[0m
[0;32m            "if_list": [[0m
[0;32m                {[0m
[0;32m                    "agent_name": "eth1.0",[0m
[0;32m                    "description": "to_Seg-192.168.2.0-30_Ethernet2",[0m
[0;32m                    "ipv4": "192.168.2.2/30",[0m
[0;32m                    "name": "eth1.0",[0m
[0;32m                    "original_if": "GigabitEthernet0/0/0/0"[0m
[0;32m                },[0m
[0;32m                {[0m
[0;32m                    "agent_name": "eth2.0",[0m
[0;32m                    "description": "to_Seg-192.168.100.0-25_Ethernet1",[0m
[0;32m                    "ipv4": "192.168.100.1/25",[0m
[0;32m                    "name": "eth2.0",[0m
[0;32m                    "original_if": "GigabitEthernet0/0/0/1"[0m
[0;32m                }[0m
[0;32m            ],[0m
[0;32m            "name": "regionc-rt2",[0m
[0;32m            "type": "node"[0m
[0;32m        },[0m
[0;32m        {[0m
[0;32m            "agent_name": "Seg-172.16.2.0-30",[0m
[0;32m            "if_list": [[0m
[0;32m                {[0m
[0;32m                    "agent_name": "Ethernet1",[0m
[0;32m                    "description": "to_regionc-rt1_eth3.0",[0m
[0;32m                    "ipv4": null,[0m
[0;32m                    "name": "regionc-rt1_eth3.0",[0m
[0;32m                    "original_if": "regionc-rt1_GigabitEthernet0/0/0/2"[0m
[0;32m                },[0m
[0;32m                {[0m
[0;32m                    "agent_name": "Ethernet2",[0m
[0;32m                    "description": "to_regionb-rt1_eth2.0",[0m
[0;32m                    "ipv4": null,[0m
[0;32m                    "name": "regionb-rt1_eth2.0",[0m
[0;32m                    "original_if": "regionb-rt1_Ethernet3"[0m
[0;32m                }[0m
[0;32m            ],[0m
[0;32m            "name": "Seg_172.16.2.0/30",[0m
[0;32m            "type": "segment"[0m
[0;32m        },[0m
[0;32m        {[0m
[0;32m            "agent_name": "Seg-192.168.100.0-25",[0m
[0;32m            "if_list": [[0m
[0;32m                {[0m
[0;32m                    "agent_name": "Ethernet1",[0m
[0;32m                    "description": "to_regionc-rt2_eth2.0",[0m
[0;32m                    "ipv4": null,[0m
[0;32m                    "name": "regionc-rt2_eth2.0",[0m
[0;32m                    "original_if": "regionc-rt2_GigabitEthernet0/0/0/1"[0m
[0;32m                },[0m
[0;32m                {[0m
[0;32m                    "agent_name": "Ethernet2",[0m
[0;32m                    "description": "to_regionc-svr01_eth1.0",[0m
[0;32m                    "ipv4": null,[0m
[0;32m                    "name": "regionc-svr01_eth1.0",[0m
[0;32m                    "original_if": "regionc-svr01_ens2"[0m
[0;32m                }[0m
[0;32m            ],[0m
[0;32m            "name": "Seg_192.168.100.0/25",[0m
[0;32m            "type": "segment"[0m
[0;32m        },[0m
[0;32m        {[0m
[0;32m            "agent_name": "regionc-svr01",[0m
[0;32m            "if_list": [[0m
[0;32m                {[0m
[0;32m                    "agent_name": "eth1.0",[0m
[0;32m                    "description": "to_Seg-192.168.100.0-25_Ethernet2",[0m
[0;32m                    "ipv4": "192.168.100.10/25",[0m
[0;32m                    "name": "eth1.0",[0m
[0;32m                    "original_if": "ens2"[0m
[0;32m                }[0m
[0;32m            ],[0m
[0;32m            "name": "regionc-svr01",[0m
[0;32m            "type": "endpoint"[0m
[0;32m        },[0m
[0;32m        {[0m
[0;32m            "agent_name": "Seg-192.168.1.0-30",[0m
[0;32m            "if_list": [[0m
[0;32m                {[0m
[0;32m                    "agent_name": "Ethernet1",[0m
[0;32m                    "description": "to_regionb-rt1_eth3.0",[0m
[0;32m                    "ipv4": null,[0m
[0;32m                    "name": "regionb-rt1_eth3.0",[0m
[0;32m                    "original_if": "regionb-rt1_Ethernet1"[0m
[0;32m                },[0m
[0;32m                {[0m
[0;32m                    "agent_name": "Ethernet2",[0m
[0;32m                    "description": "to_regionb-rt2_eth1.0",[0m
[0;32m                    "ipv4": null,[0m
[0;32m                    "name": "regionb-rt2_eth1.0",[0m
[0;32m                    "original_if": "regionb-rt2_Ethernet1"[0m
[0;32m                }[0m
[0;32m            ],[0m
[0;32m            "name": "Seg_192.168.1.0/30",[0m
[0;32m            "type": "segment"[0m
[0;32m        },[0m
[0;32m        {[0m
[0;32m            "agent_name": "regionb-rt2",[0m
[0;32m            "if_list": [[0m
[0;32m                {[0m
[0;32m                    "agent_name": "eth1.0",[0m
[0;32m                    "description": "to_Seg-192.168.1.0-30_Ethernet2",[0m
[0;32m                    "ipv4": "192.168.1.2/30",[0m
[0;32m                    "name": "eth1.0",[0m
[0;32m                    "original_if": "Ethernet1"[0m
[0;32m                },[0m
[0;32m                {[0m
[0;32m                    "agent_name": "eth2.0",[0m
[0;32m                    "description": "to_Seg-192.168.254.0-24_Ethernet1",[0m
[0;32m                    "ipv4": "192.168.254.1/24",[0m
[0;32m                    "name": "eth2.0",[0m
[0;32m                    "original_if": "Ethernet2"[0m
[0;32m                }[0m
[0;32m            ],[0m
[0;32m            "name": "regionb-rt2",[0m
[0;32m            "type": "node"[0m
[0;32m        },[0m
[0;32m        {[0m
[0;32m            "agent_name": "Seg-192.168.254.0-24",[0m
[0;32m            "if_list": [[0m
[0;32m                {[0m
[0;32m                    "agent_name": "Ethernet1",[0m
[0;32m                    "description": "to_regionb-rt2_eth2.0",[0m
[0;32m                    "ipv4": null,[0m
[0;32m                    "name": "regionb-rt2_eth2.0",[0m
[0;32m                    "original_if": "regionb-rt2_Ethernet2"[0m
[0;32m                },[0m
[0;32m                {[0m
[0;32m                    "agent_name": "Ethernet2",[0m
[0;32m                    "description": "to_regionb-svr01_eth1.0",[0m
[0;32m                    "ipv4": null,[0m
[0;32m                    "name": "regionb-svr01_eth1.0",[0m
[0;32m                    "original_if": "regionb-svr01_ens2"[0m
[0;32m                }[0m
[0;32m            ],[0m
[0;32m            "name": "Seg_192.168.254.0/24",[0m
[0;32m            "type": "segment"[0m
[0;32m        },[0m
[0;32m        {[0m
[0;32m            "agent_name": "regionb-svr01",[0m
[0;32m            "if_list": [[0m
[0;32m                {[0m
[0;32m                    "agent_name": "eth1.0",[0m
[0;32m                    "description": "to_Seg-192.168.254.0-24_Ethernet2",[0m
[0;32m                    "ipv4": "192.168.254.10/24",[0m
[0;32m                    "name": "eth1.0",[0m
[0;32m                    "original_if": "ens2"[0m
[0;32m                }[0m
[0;32m            ],[0m
[0;32m            "name": "regionb-svr01",[0m
[0;32m            "type": "endpoint"[0m
[0;32m        },[0m
[0;32m        {[0m
[0;32m            "agent_name": "Seg-192.168.100.0-24",[0m
[0;32m            "if_list": [[0m
[0;32m                {[0m
[0;32m                    "agent_name": "Ethernet1",[0m
[0;32m                    "description": "to_regiona-rt2_eth2.0",[0m
[0;32m                    "ipv4": null,[0m
[0;32m                    "name": "regiona-rt2_eth2.0",[0m
[0;32m                    "original_if": "regiona-rt2_ge-0/0/1.0"[0m
[0;32m                },[0m
[0;32m                {[0m
[0;32m                    "agent_name": "Ethernet2",[0m
[0;32m                    "description": "to_regiona-svr02_eth1.0",[0m
[0;32m                    "ipv4": null,[0m
[0;32m                    "name": "regiona-svr02_eth1.0",[0m
[0;32m                    "original_if": "regiona-svr02_ens2"[0m
[0;32m                }[0m
[0;32m            ],[0m
[0;32m            "name": "Seg_192.168.100.0/24",[0m
[0;32m            "type": "segment"[0m
[0;32m        },[0m
[0;32m        {[0m
[0;32m            "agent_name": "regiona-svr02",[0m
[0;32m            "if_list": [[0m
[0;32m                {[0m
[0;32m                    "agent_name": "eth1.0",[0m
[0;32m                    "description": "to_Seg-192.168.100.0-24_Ethernet2",[0m
[0;32m                    "ipv4": "192.168.100.210/24",[0m
[0;32m                    "name": "eth1.0",[0m
[0;32m                    "original_if": "ens2"[0m
[0;32m                }[0m
[0;32m            ],[0m
[0;32m            "name": "regiona-svr02",[0m
[0;32m            "type": "endpoint"[0m
[0;32m        }[0m
[0;32m    ],[0m
[0;32m    "msg": "OK (6754 bytes)",[0m
[0;32m    "redirected": false,[0m
[0;32m    "server": "nginx/1.21.6",[0m
[0;32m    "status": 200,[0m
[0;32m    "url": "http://playground_20230407-api-proxy-1/topologies/mddo-ospf/emulated_asis/topology/layer3/config_params"[0m
[0;32m}[0m

TASK [generate config] *********************************************************
[1;30mtask path: /data/project/playbooks/step02.yml:50[0m
[0;34m<127.0.0.1> ESTABLISH LOCAL CONNECTION FOR USER: runner[0m
[0;36mskipping: [localhost] => (item={'name': 'Seg_192.168.0.0/30', 'agent_name': 'Seg-192.168.0.0-30', 'type': 'segment', 'if_list': [{'name': 'regiona-rt1_eth1.0', 'agent_name': 'Ethernet1', 'ipv4': None, 'description': 'to_regiona-rt1_eth1.0', 'original_if': 'regiona-rt1_ge-0/0/0.0'}, {'name': 'regiona-rt2_eth1.0', 'agent_name': 'Ethernet2', 'ipv4': None, 'description': 'to_regiona-rt2_eth1.0', 'original_if': 'regiona-rt2_ge-0/0/0.0'}]})  => {[0m
[0;36m    "ansible_loop_var": "item",[0m
[0;36m    "changed": false,[0m
[0;36m    "item": {[0m
[0;36m        "agent_name": "Seg-192.168.0.0-30",[0m
[0;36m        "if_list": [[0m
[0;36m            {[0m
[0;36m                "agent_name": "Ethernet1",[0m
[0;36m                "description": "to_regiona-rt1_eth1.0",[0m
[0;36m                "ipv4": null,[0m
[0;36m                "name": "regiona-rt1_eth1.0",[0m
[0;36m                "original_if": "regiona-rt1_ge-0/0/0.0"[0m
[0;36m            },[0m
[0;36m            {[0m
[0;36m                "agent_name": "Ethernet2",[0m
[0;36m                "description": "to_regiona-rt2_eth1.0",[0m
[0;36m                "ipv4": null,[0m
[0;36m                "name": "regiona-rt2_eth1.0",[0m
[0;36m                "original_if": "regiona-rt2_ge-0/0/0.0"[0m
[0;36m            }[0m
[0;36m        ],[0m
[0;36m        "name": "Seg_192.168.0.0/30",[0m
[0;36m        "type": "segment"[0m
[0;36m    },[0m
[0;36m    "skip_reason": "Conditional result was False"[0m
[0;36m}[0m
[0;34m<127.0.0.1> EXEC /bin/sh -c 'echo ~runner && sleep 0'[0m
[0;34m<127.0.0.1> EXEC /bin/sh -c '( umask 77 && mkdir -p "` echo /home/runner/.ansible/tmp `"&& mkdir "` echo /home/runner/.ansible/tmp/ansible-tmp-1680854456.044427-53-190126867698874 `" && echo ansible-tmp-1680854456.044427-53-190126867698874="` echo /home/runner/.ansible/tmp/ansible-tmp-1680854456.044427-53-190126867698874 `" ) && sleep 0'[0m
[0;34m<127.0.0.1> EXEC /bin/sh -c 'rm -f -r /home/runner/.ansible/tmp/ansible-tmp-1680854456.044427-53-190126867698874/ > /dev/null 2>&1 && sleep 0'[0m
[0;31mThe full traceback is:[0m
[0;31mTraceback (most recent call last):[0m
[0;31m  File "/usr/local/lib/python3.8/site-packages/ansible/template/__init__.py", line 1156, in do_template[0m
[0;31m    res = j2_concat(rf)[0m
[0;31m  File "<template>", line 16, in root[0m
[0;31m  File "/usr/lib/python3.8/site-packages/jinja2/runtime.py", line 747, in _fail_with_undefined_error[0m
[0;31m    raise self._undefined_exception(self._undefined_message)[0m
[0;31mjinja2.exceptions.UndefinedError: 'dict object' has no attribute 'iflist'[0m
[0;31m[0m
[0;31mDuring handling of the above exception, another exception occurred:[0m
[0;31m[0m
[0;31mTraceback (most recent call last):[0m
[0;31m  File "/usr/local/lib/python3.8/site-packages/ansible/plugins/action/template.py", line 150, in run[0m
[0;31m    resultant = templar.do_template(template_data, preserve_trailing_newlines=True, escape_backslashes=False)[0m
[0;31m  File "/usr/local/lib/python3.8/site-packages/ansible/template/__init__.py", line 1193, in do_template[0m
[0;31m    raise AnsibleUndefinedVariable(e)[0m
[0;31mansible.errors.AnsibleUndefinedVariable: 'dict object' has no attribute 'iflist'[0m
[0;31mfailed: [localhost] (item={'name': 'regiona-rt1', 'agent_name': 'regiona-rt1', 'type': 'node', 'if_list': [{'name': 'eth1.0', 'agent_name': 'eth1.0', 'ipv4': '192.168.0.1/30', 'description': 'to_Seg-192.168.0.0-30_Ethernet1', 'original_if': 'ge-0/0/0.0'}, {'name': 'eth2.0', 'agent_name': 'eth2.0', 'ipv4': '172.16.0.1/30', 'description': 'to_Seg-172.16.0.0-30_Ethernet1', 'original_if': 'ge-0/0/1.0'}, {'name': 'eth3.0', 'agent_name': 'eth3.0', 'ipv4': '172.16.1.1/30', 'description': 'to_Seg-172.16.1.0-30_Ethernet1', 'original_if': 'ge-0/0/2.0'}]}) => {[0m
[0;31m    "ansible_loop_var": "item",[0m
[0;31m    "changed": false,[0m
[0;31m    "item": {[0m
[0;31m        "agent_name": "regiona-rt1",[0m
[0;31m        "if_list": [[0m
[0;31m            {[0m
[0;31m                "agent_name": "eth1.0",[0m
[0;31m                "description": "to_Seg-192.168.0.0-30_Ethernet1",[0m
[0;31m                "ipv4": "192.168.0.1/30",[0m
[0;31m                "name": "eth1.0",[0m
[0;31m                "original_if": "ge-0/0/0.0"[0m
[0;31m            },[0m
[0;31m            {[0m
[0;31m                "agent_name": "eth2.0",[0m
[0;31m                "description": "to_Seg-172.16.0.0-30_Ethernet1",[0m
[0;31m                "ipv4": "172.16.0.1/30",[0m
[0;31m                "name": "eth2.0",[0m
[0;31m                "original_if": "ge-0/0/1.0"[0m
[0;31m            },[0m
[0;31m            {[0m
[0;31m                "agent_name": "eth3.0",[0m
[0;31m                "description": "to_Seg-172.16.1.0-30_Ethernet1",[0m
[0;31m                "ipv4": "172.16.1.1/30",[0m
[0;31m                "name": "eth3.0",[0m
[0;31m                "original_if": "ge-0/0/2.0"[0m
[0;31m            }[0m
[0;31m        ],[0m
[0;31m        "name": "regiona-rt1",[0m
[0;31m        "type": "node"[0m
[0;31m    },[0m
[0;31m    "msg": "AnsibleUndefinedVariable: 'dict object' has no attribute 'iflist'"[0m
[0;31m}[0m
[0;34m<127.0.0.1> EXEC /bin/sh -c 'echo ~runner && sleep 0'[0m
[0;34m<127.0.0.1> EXEC /bin/sh -c '( umask 77 && mkdir -p "` echo /home/runner/.ansible/tmp `"&& mkdir "` echo /home/runner/.ansible/tmp/ansible-tmp-1680854456.1474738-53-20850812506741 `" && echo ansible-tmp-1680854456.1474738-53-20850812506741="` echo /home/runner/.ansible/tmp/ansible-tmp-1680854456.1474738-53-20850812506741 `" ) && sleep 0'[0m
[0;34m<127.0.0.1> EXEC /bin/sh -c 'rm -f -r /home/runner/.ansible/tmp/ansible-tmp-1680854456.1474738-53-20850812506741/ > /dev/null 2>&1 && sleep 0'[0m
[0;31mThe full traceback is:[0m
[0;31mTraceback (most recent call last):[0m
[0;31m  File "/usr/local/lib/python3.8/site-packages/ansible/template/__init__.py", line 1156, in do_template[0m
[0;31m    res = j2_concat(rf)[0m
[0;31m  File "<template>", line 16, in root[0m
[0;31m  File "/usr/lib/python3.8/site-packages/jinja2/runtime.py", line 747, in _fail_with_undefined_error[0m
[0;31m    raise self._undefined_exception(self._undefined_message)[0m
[0;31mjinja2.exceptions.UndefinedError: 'dict object' has no attribute 'iflist'[0m
[0;31m[0m
[0;31mDuring handling of the above exception, another exception occurred:[0m
[0;31m[0m
[0;31mTraceback (most recent call last):[0m
[0;31m  File "/usr/local/lib/python3.8/site-packages/ansible/plugins/action/template.py", line 150, in run[0m
[0;31m    resultant = templar.do_template(template_data, preserve_trailing_newlines=True, escape_backslashes=False)[0m
[0;31m  File "/usr/local/lib/python3.8/site-packages/ansible/template/__init__.py", line 1193, in do_template[0m
[0;31m    raise AnsibleUndefinedVariable(e)[0m
[0;31mansible.errors.AnsibleUndefinedVariable: 'dict object' has no attribute 'iflist'[0m
[0;31mfailed: [localhost] (item={'name': 'regiona-rt2', 'agent_name': 'regiona-rt2', 'type': 'node', 'if_list': [{'name': 'eth1.0', 'agent_name': 'eth1.0', 'ipv4': '192.168.0.2/30', 'description': 'to_Seg-192.168.0.0-30_Ethernet2', 'original_if': 'ge-0/0/0.0'}, {'name': 'eth2.0', 'agent_name': 'eth2.0', 'ipv4': '192.168.100.1/24', 'description': 'to_Seg-192.168.100.0-24_Ethernet1', 'original_if': 'ge-0/0/1.0'}]}) => {[0m
[0;31m    "ansible_loop_var": "item",[0m
[0;31m    "changed": false,[0m
[0;31m    "item": {[0m
[0;31m        "agent_name": "regiona-rt2",[0m
[0;31m        "if_list": [[0m
[0;31m            {[0m
[0;31m                "agent_name": "eth1.0",[0m
[0;31m                "description": "to_Seg-192.168.0.0-30_Ethernet2",[0m
[0;31m                "ipv4": "192.168.0.2/30",[0m
[0;31m                "name": "eth1.0",[0m
[0;31m                "original_if": "ge-0/0/0.0"[0m
[0;31m            },[0m
[0;31m            {[0m
[0;31m                "agent_name": "eth2.0",[0m
[0;31m                "description": "to_Seg-192.168.100.0-24_Ethernet1",[0m
[0;31m                "ipv4": "192.168.100.1/24",[0m
[0;31m                "name": "eth2.0",[0m
[0;31m                "original_if": "ge-0/0/1.0"[0m
[0;31m            }[0m
[0;31m        ],[0m
[0;31m        "name": "regiona-rt2",[0m
[0;31m        "type": "node"[0m
[0;31m    },[0m
[0;31m    "msg": "AnsibleUndefinedVariable: 'dict object' has no attribute 'iflist'"[0m
[0;31m}[0m
[0;36mskipping: [localhost] => (item={'name': 'Seg_172.16.0.0/30', 'agent_name': 'Seg-172.16.0.0-30', 'type': 'segment', 'if_list': [{'name': 'regiona-rt1_eth2.0', 'agent_name': 'Ethernet1', 'ipv4': None, 'description': 'to_regiona-rt1_eth2.0', 'original_if': 'regiona-rt1_ge-0/0/1.0'}, {'name': 'regionb-rt1_eth1.0', 'agent_name': 'Ethernet2', 'ipv4': None, 'description': 'to_regionb-rt1_eth1.0', 'original_if': 'regionb-rt1_Ethernet2'}]})  => {[0m
[0;36m    "ansible_loop_var": "item",[0m
[0;36m    "changed": false,[0m
[0;36m    "item": {[0m
[0;36m        "agent_name": "Seg-172.16.0.0-30",[0m
[0;36m        "if_list": [[0m
[0;36m            {[0m
[0;36m                "agent_name": "Ethernet1",[0m
[0;36m                "description": "to_regiona-rt1_eth2.0",[0m
[0;36m                "ipv4": null,[0m
[0;36m                "name": "regiona-rt1_eth2.0",[0m
[0;36m                "original_if": "regiona-rt1_ge-0/0/1.0"[0m
[0;36m            },[0m
[0;36m            {[0m
[0;36m                "agent_name": "Ethernet2",[0m
[0;36m                "description": "to_regionb-rt1_eth1.0",[0m
[0;36m                "ipv4": null,[0m
[0;36m                "name": "regionb-rt1_eth1.0",[0m
[0;36m                "original_if": "regionb-rt1_Ethernet2"[0m
[0;36m            }[0m
[0;36m        ],[0m
[0;36m        "name": "Seg_172.16.0.0/30",[0m
[0;36m        "type": "segment"[0m
[0;36m    },[0m
[0;36m    "skip_reason": "Conditional result was False"[0m
[0;36m}[0m
[0;34m<127.0.0.1> EXEC /bin/sh -c 'echo ~runner && sleep 0'[0m
[0;34m<127.0.0.1> EXEC /bin/sh -c '( umask 77 && mkdir -p "` echo /home/runner/.ansible/tmp `"&& mkdir "` echo /home/runner/.ansible/tmp/ansible-tmp-1680854456.2272096-53-132513073082355 `" && echo ansible-tmp-1680854456.2272096-53-132513073082355="` echo /home/runner/.ansible/tmp/ansible-tmp-1680854456.2272096-53-132513073082355 `" ) && sleep 0'[0m
[0;34m<127.0.0.1> EXEC /bin/sh -c 'rm -f -r /home/runner/.ansible/tmp/ansible-tmp-1680854456.2272096-53-132513073082355/ > /dev/null 2>&1 && sleep 0'[0m
[0;31mThe full traceback is:[0m
[0;31mTraceback (most recent call last):[0m
[0;31m  File "/usr/local/lib/python3.8/site-packages/ansible/template/__init__.py", line 1156, in do_template[0m
[0;31m    res = j2_concat(rf)[0m
[0;31m  File "<template>", line 16, in root[0m
[0;31m  File "/usr/lib/python3.8/site-packages/jinja2/runtime.py", line 747, in _fail_with_undefined_error[0m
[0;31m    raise self._undefined_exception(self._undefined_message)[0m
[0;31mjinja2.exceptions.UndefinedError: 'dict object' has no attribute 'iflist'[0m
[0;31m[0m
[0;31mDuring handling of the above exception, another exception occurred:[0m
[0;31m[0m
[0;31mTraceback (most recent call last):[0m
[0;31m  File "/usr/local/lib/python3.8/site-packages/ansible/plugins/action/template.py", line 150, in run[0m
[0;31m    resultant = templar.do_template(template_data, preserve_trailing_newlines=True, escape_backslashes=False)[0m
[0;31m  File "/usr/local/lib/python3.8/site-packages/ansible/template/__init__.py", line 1193, in do_template[0m
[0;31m    raise AnsibleUndefinedVariable(e)[0m
[0;31mansible.errors.AnsibleUndefinedVariable: 'dict object' has no attribute 'iflist'[0m
[0;31mfailed: [localhost] (item={'name': 'regionb-rt1', 'agent_name': 'regionb-rt1', 'type': 'node', 'if_list': [{'name': 'eth1.0', 'agent_name': 'eth1.0', 'ipv4': '172.16.0.2/30', 'description': 'to_Seg-172.16.0.0-30_Ethernet2', 'original_if': 'Ethernet2'}, {'name': 'eth2.0', 'agent_name': 'eth2.0', 'ipv4': '172.16.2.1/30', 'description': 'to_Seg-172.16.2.0-30_Ethernet2', 'original_if': 'Ethernet3'}, {'name': 'eth3.0', 'agent_name': 'eth3.0', 'ipv4': '192.168.1.1/30', 'description': 'to_Seg-192.168.1.0-30_Ethernet1', 'original_if': 'Ethernet1'}]}) => {[0m
[0;31m    "ansible_loop_var": "item",[0m
[0;31m    "changed": false,[0m
[0;31m    "item": {[0m
[0;31m        "agent_name": "regionb-rt1",[0m
[0;31m        "if_list": [[0m
[0;31m            {[0m
[0;31m                "agent_name": "eth1.0",[0m
[0;31m                "description": "to_Seg-172.16.0.0-30_Ethernet2",[0m
[0;31m                "ipv4": "172.16.0.2/30",[0m
[0;31m                "name": "eth1.0",[0m
[0;31m                "original_if": "Ethernet2"[0m
[0;31m            },[0m
[0;31m            {[0m
[0;31m                "agent_name": "eth2.0",[0m
[0;31m                "description": "to_Seg-172.16.2.0-30_Ethernet2",[0m
[0;31m                "ipv4": "172.16.2.1/30",[0m
[0;31m                "name": "eth2.0",[0m
[0;31m                "original_if": "Ethernet3"[0m
[0;31m            },[0m
[0;31m            {[0m
[0;31m                "agent_name": "eth3.0",[0m
[0;31m                "description": "to_Seg-192.168.1.0-30_Ethernet1",[0m
[0;31m                "ipv4": "192.168.1.1/30",[0m
[0;31m                "name": "eth3.0",[0m
[0;31m                "original_if": "Ethernet1"[0m
[0;31m            }[0m
[0;31m        ],[0m
[0;31m        "name": "regionb-rt1",[0m
[0;31m        "type": "node"[0m
[0;31m    },[0m
[0;31m    "msg": "AnsibleUndefinedVariable: 'dict object' has no attribute 'iflist'"[0m
[0;31m}[0m
[0;36mskipping: [localhost] => (item={'name': 'Seg_172.16.1.0/30', 'agent_name': 'Seg-172.16.1.0-30', 'type': 'segment', 'if_list': [{'name': 'regiona-rt1_eth3.0', 'agent_name': 'Ethernet1', 'ipv4': None, 'description': 'to_regiona-rt1_eth3.0', 'original_if': 'regiona-rt1_ge-0/0/2.0'}, {'name': 'regionc-rt1_eth1.0', 'agent_name': 'Ethernet2', 'ipv4': None, 'description': 'to_regionc-rt1_eth1.0', 'original_if': 'regionc-rt1_GigabitEthernet0/0/0/1'}]})  => {[0m
[0;36m    "ansible_loop_var": "item",[0m
[0;36m    "changed": false,[0m
[0;36m    "item": {[0m
[0;36m        "agent_name": "Seg-172.16.1.0-30",[0m
[0;36m        "if_list": [[0m
[0;36m            {[0m
[0;36m                "agent_name": "Ethernet1",[0m
[0;36m                "description": "to_regiona-rt1_eth3.0",[0m
[0;36m                "ipv4": null,[0m
[0;36m                "name": "regiona-rt1_eth3.0",[0m
[0;36m                "original_if": "regiona-rt1_ge-0/0/2.0"[0m
[0;36m            },[0m
[0;36m            {[0m
[0;36m                "agent_name": "Ethernet2",[0m
[0;36m                "description": "to_regionc-rt1_eth1.0",[0m
[0;36m                "ipv4": null,[0m
[0;36m                "name": "regionc-rt1_eth1.0",[0m
[0;36m                "original_if": "regionc-rt1_GigabitEthernet0/0/0/1"[0m
[0;36m            }[0m
[0;36m        ],[0m
[0;36m        "name": "Seg_172.16.1.0/30",[0m
[0;36m        "type": "segment"[0m
[0;36m    },[0m
[0;36m    "skip_reason": "Conditional result was False"[0m
[0;36m}[0m
[0;34m<127.0.0.1> EXEC /bin/sh -c 'echo ~runner && sleep 0'[0m
[0;34m<127.0.0.1> EXEC /bin/sh -c '( umask 77 && mkdir -p "` echo /home/runner/.ansible/tmp `"&& mkdir "` echo /home/runner/.ansible/tmp/ansible-tmp-1680854456.3029957-53-253780875020518 `" && echo ansible-tmp-1680854456.3029957-53-253780875020518="` echo /home/runner/.ansible/tmp/ansible-tmp-1680854456.3029957-53-253780875020518 `" ) && sleep 0'[0m
[0;34m<127.0.0.1> EXEC /bin/sh -c 'rm -f -r /home/runner/.ansible/tmp/ansible-tmp-1680854456.3029957-53-253780875020518/ > /dev/null 2>&1 && sleep 0'[0m
[0;31mThe full traceback is:[0m
[0;31mTraceback (most recent call last):[0m
[0;31m  File "/usr/local/lib/python3.8/site-packages/ansible/template/__init__.py", line 1156, in do_template[0m
[0;31m    res = j2_concat(rf)[0m
[0;31m  File "<template>", line 16, in root[0m
[0;31m  File "/usr/lib/python3.8/site-packages/jinja2/runtime.py", line 747, in _fail_with_undefined_error[0m
[0;31m    raise self._undefined_exception(self._undefined_message)[0m
[0;31mjinja2.exceptions.UndefinedError: 'dict object' has no attribute 'iflist'[0m
[0;31m[0m
[0;31mDuring handling of the above exception, another exception occurred:[0m
[0;31m[0m
[0;31mTraceback (most recent call last):[0m
[0;31m  File "/usr/local/lib/python3.8/site-packages/ansible/plugins/action/template.py", line 150, in run[0m
[0;31m    resultant = templar.do_template(template_data, preserve_trailing_newlines=True, escape_backslashes=False)[0m
[0;31m  File "/usr/local/lib/python3.8/site-packages/ansible/template/__init__.py", line 1193, in do_template[0m
[0;31m    raise AnsibleUndefinedVariable(e)[0m
[0;31mansible.errors.AnsibleUndefinedVariable: 'dict object' has no attribute 'iflist'[0m
[0;31mfailed: [localhost] (item={'name': 'regionc-rt1', 'agent_name': 'regionc-rt1', 'type': 'node', 'if_list': [{'name': 'eth1.0', 'agent_name': 'eth1.0', 'ipv4': '172.16.1.2/30', 'description': 'to_Seg-172.16.1.0-30_Ethernet2', 'original_if': 'GigabitEthernet0/0/0/1'}, {'name': 'eth2.0', 'agent_name': 'eth2.0', 'ipv4': '192.168.2.1/30', 'description': 'to_Seg-192.168.2.0-30_Ethernet1', 'original_if': 'GigabitEthernet0/0/0/0'}, {'name': 'eth3.0', 'agent_name': 'eth3.0', 'ipv4': '172.16.2.2/30', 'description': 'to_Seg-172.16.2.0-30_Ethernet1', 'original_if': 'GigabitEthernet0/0/0/2'}]}) => {[0m
[0;31m    "ansible_loop_var": "item",[0m
[0;31m    "changed": false,[0m
[0;31m    "item": {[0m
[0;31m        "agent_name": "regionc-rt1",[0m
[0;31m        "if_list": [[0m
[0;31m            {[0m
[0;31m                "agent_name": "eth1.0",[0m
[0;31m                "description": "to_Seg-172.16.1.0-30_Ethernet2",[0m
[0;31m                "ipv4": "172.16.1.2/30",[0m
[0;31m                "name": "eth1.0",[0m
[0;31m                "original_if": "GigabitEthernet0/0/0/1"[0m
[0;31m            },[0m
[0;31m            {[0m
[0;31m                "agent_name": "eth2.0",[0m
[0;31m                "description": "to_Seg-192.168.2.0-30_Ethernet1",[0m
[0;31m                "ipv4": "192.168.2.1/30",[0m
[0;31m                "name": "eth2.0",[0m
[0;31m                "original_if": "GigabitEthernet0/0/0/0"[0m
[0;31m            },[0m
[0;31m            {[0m
[0;31m                "agent_name": "eth3.0",[0m
[0;31m                "description": "to_Seg-172.16.2.0-30_Ethernet1",[0m
[0;31m                "ipv4": "172.16.2.2/30",[0m
[0;31m                "name": "eth3.0",[0m
[0;31m                "original_if": "GigabitEthernet0/0/0/2"[0m
[0;31m            }[0m
[0;31m        ],[0m
[0;31m        "name": "regionc-rt1",[0m
[0;31m        "type": "node"[0m
[0;31m    },[0m
[0;31m    "msg": "AnsibleUndefinedVariable: 'dict object' has no attribute 'iflist'"[0m
[0;31m}[0m
[0;36mskipping: [localhost] => (item={'name': 'Seg_192.168.2.0/30', 'agent_name': 'Seg-192.168.2.0-30', 'type': 'segment', 'if_list': [{'name': 'regionc-rt1_eth2.0', 'agent_name': 'Ethernet1', 'ipv4': None, 'description': 'to_regionc-rt1_eth2.0', 'original_if': 'regionc-rt1_GigabitEthernet0/0/0/0'}, {'name': 'regionc-rt2_eth1.0', 'agent_name': 'Ethernet2', 'ipv4': None, 'description': 'to_regionc-rt2_eth1.0', 'original_if': 'regionc-rt2_GigabitEthernet0/0/0/0'}]})  => {[0m
[0;36m    "ansible_loop_var": "item",[0m
[0;36m    "changed": false,[0m
[0;36m    "item": {[0m
[0;36m        "agent_name": "Seg-192.168.2.0-30",[0m
[0;36m        "if_list": [[0m
[0;36m            {[0m
[0;36m                "agent_name": "Ethernet1",[0m
[0;36m                "description": "to_regionc-rt1_eth2.0",[0m
[0;36m                "ipv4": null,[0m
[0;36m                "name": "regionc-rt1_eth2.0",[0m
[0;36m                "original_if": "regionc-rt1_GigabitEthernet0/0/0/0"[0m
[0;36m            },[0m
[0;36m            {[0m
[0;36m                "agent_name": "Ethernet2",[0m
[0;36m                "description": "to_regionc-rt2_eth1.0",[0m
[0;36m                "ipv4": null,[0m
[0;36m                "name": "regionc-rt2_eth1.0",[0m
[0;36m                "original_if": "regionc-rt2_GigabitEthernet0/0/0/0"[0m
[0;36m            }[0m
[0;36m        ],[0m
[0;36m        "name": "Seg_192.168.2.0/30",[0m
[0;36m        "type": "segment"[0m
[0;36m    },[0m
[0;36m    "skip_reason": "Conditional result was False"[0m
[0;36m}[0m
[0;34m<127.0.0.1> EXEC /bin/sh -c 'echo ~runner && sleep 0'[0m
[0;34m<127.0.0.1> EXEC /bin/sh -c '( umask 77 && mkdir -p "` echo /home/runner/.ansible/tmp `"&& mkdir "` echo /home/runner/.ansible/tmp/ansible-tmp-1680854456.377821-53-27781211040643 `" && echo ansible-tmp-1680854456.377821-53-27781211040643="` echo /home/runner/.ansible/tmp/ansible-tmp-1680854456.377821-53-27781211040643 `" ) && sleep 0'[0m
[0;34m<127.0.0.1> EXEC /bin/sh -c 'rm -f -r /home/runner/.ansible/tmp/ansible-tmp-1680854456.377821-53-27781211040643/ > /dev/null 2>&1 && sleep 0'[0m
[0;31mThe full traceback is:[0m
[0;31mTraceback (most recent call last):[0m
[0;31m  File "/usr/local/lib/python3.8/site-packages/ansible/template/__init__.py", line 1156, in do_template[0m
[0;31m    res = j2_concat(rf)[0m
[0;31m  File "<template>", line 16, in root[0m
[0;31m  File "/usr/lib/python3.8/site-packages/jinja2/runtime.py", line 747, in _fail_with_undefined_error[0m
[0;31m    raise self._undefined_exception(self._undefined_message)[0m
[0;31mjinja2.exceptions.UndefinedError: 'dict object' has no attribute 'iflist'[0m
[0;31m[0m
[0;31mDuring handling of the above exception, another exception occurred:[0m
[0;31m[0m
[0;31mTraceback (most recent call last):[0m
[0;31m  File "/usr/local/lib/python3.8/site-packages/ansible/plugins/action/template.py", line 150, in run[0m
[0;31m    resultant = templar.do_template(template_data, preserve_trailing_newlines=True, escape_backslashes=False)[0m
[0;31m  File "/usr/local/lib/python3.8/site-packages/ansible/template/__init__.py", line 1193, in do_template[0m
[0;31m    raise AnsibleUndefinedVariable(e)[0m
[0;31mansible.errors.AnsibleUndefinedVariable: 'dict object' has no attribute 'iflist'[0m
[0;31mfailed: [localhost] (item={'name': 'regionc-rt2', 'agent_name': 'regionc-rt2', 'type': 'node', 'if_list': [{'name': 'eth1.0', 'agent_name': 'eth1.0', 'ipv4': '192.168.2.2/30', 'description': 'to_Seg-192.168.2.0-30_Ethernet2', 'original_if': 'GigabitEthernet0/0/0/0'}, {'name': 'eth2.0', 'agent_name': 'eth2.0', 'ipv4': '192.168.100.1/25', 'description': 'to_Seg-192.168.100.0-25_Ethernet1', 'original_if': 'GigabitEthernet0/0/0/1'}]}) => {[0m
[0;31m    "ansible_loop_var": "item",[0m
[0;31m    "changed": false,[0m
[0;31m    "item": {[0m
[0;31m        "agent_name": "regionc-rt2",[0m
[0;31m        "if_list": [[0m
[0;31m            {[0m
[0;31m                "agent_name": "eth1.0",[0m
[0;31m                "description": "to_Seg-192.168.2.0-30_Ethernet2",[0m
[0;31m                "ipv4": "192.168.2.2/30",[0m
[0;31m                "name": "eth1.0",[0m
[0;31m                "original_if": "GigabitEthernet0/0/0/0"[0m
[0;31m            },[0m
[0;31m            {[0m
[0;31m                "agent_name": "eth2.0",[0m
[0;31m                "description": "to_Seg-192.168.100.0-25_Ethernet1",[0m
[0;31m                "ipv4": "192.168.100.1/25",[0m
[0;31m                "name": "eth2.0",[0m
[0;31m                "original_if": "GigabitEthernet0/0/0/1"[0m
[0;31m            }[0m
[0;31m        ],[0m
[0;31m        "name": "regionc-rt2",[0m
[0;31m        "type": "node"[0m
[0;31m    },[0m
[0;31m    "msg": "AnsibleUndefinedVariable: 'dict object' has no attribute 'iflist'"[0m
[0;31m}[0m
[0;36mskipping: [localhost] => (item={'name': 'Seg_172.16.2.0/30', 'agent_name': 'Seg-172.16.2.0-30', 'type': 'segment', 'if_list': [{'name': 'regionc-rt1_eth3.0', 'agent_name': 'Ethernet1', 'ipv4': None, 'description': 'to_regionc-rt1_eth3.0', 'original_if': 'regionc-rt1_GigabitEthernet0/0/0/2'}, {'name': 'regionb-rt1_eth2.0', 'agent_name': 'Ethernet2', 'ipv4': None, 'description': 'to_regionb-rt1_eth2.0', 'original_if': 'regionb-rt1_Ethernet3'}]})  => {[0m
[0;36m    "ansible_loop_var": "item",[0m
[0;36m    "changed": false,[0m
[0;36m    "item": {[0m
[0;36m        "agent_name": "Seg-172.16.2.0-30",[0m
[0;36m        "if_list": [[0m
[0;36m            {[0m
[0;36m                "agent_name": "Ethernet1",[0m
[0;36m                "description": "to_regionc-rt1_eth3.0",[0m
[0;36m                "ipv4": null,[0m
[0;36m                "name": "regionc-rt1_eth3.0",[0m
[0;36m                "original_if": "regionc-rt1_GigabitEthernet0/0/0/2"[0m
[0;36m            },[0m
[0;36m            {[0m
[0;36m                "agent_name": "Ethernet2",[0m
[0;36m                "description": "to_regionb-rt1_eth2.0",[0m
[0;36m                "ipv4": null,[0m
[0;36m                "name": "regionb-rt1_eth2.0",[0m
[0;36m                "original_if": "regionb-rt1_Ethernet3"[0m
[0;36m            }[0m
[0;36m        ],[0m
[0;36m        "name": "Seg_172.16.2.0/30",[0m
[0;36m        "type": "segment"[0m
[0;36m    },[0m
[0;36m    "skip_reason": "Conditional result was False"[0m
[0;36m}[0m
[0;34m<127.0.0.1> EXEC /bin/sh -c 'echo ~runner && sleep 0'[0m
[0;36mskipping: [localhost] => (item={'name': 'Seg_192.168.100.0/25', 'agent_name': 'Seg-192.168.100.0-25', 'type': 'segment', 'if_list': [{'name': 'regionc-rt2_eth2.0', 'agent_name': 'Ethernet1', 'ipv4': None, 'description': 'to_regionc-rt2_eth2.0', 'original_if': 'regionc-rt2_GigabitEthernet0/0/0/1'}, {'name': 'regionc-svr01_eth1.0', 'agent_name': 'Ethernet2', 'ipv4': None, 'description': 'to_regionc-svr01_eth1.0', 'original_if': 'regionc-svr01_ens2'}]})  => {[0m
[0;36m    "ansible_loop_var": "item",[0m
[0;36m    "changed": false,[0m
[0;36m    "item": {[0m
[0;36m        "agent_name": "Seg-192.168.100.0-25",[0m
[0;36m        "if_list": [[0m
[0;36m            {[0m
[0;36m                "agent_name": "Ethernet1",[0m
[0;36m                "description": "to_regionc-rt2_eth2.0",[0m
[0;36m                "ipv4": null,[0m
[0;36m                "name": "regionc-rt2_eth2.0",[0m
[0;36m                "original_if": "regionc-rt2_GigabitEthernet0/0/0/1"[0m
[0;36m            },[0m
[0;36m            {[0m
[0;36m                "agent_name": "Ethernet2",[0m
[0;36m                "description": "to_regionc-svr01_eth1.0",[0m
[0;36m                "ipv4": null,[0m
[0;36m                "name": "regionc-svr01_eth1.0",[0m
[0;36m                "original_if": "regionc-svr01_ens2"[0m
[0;36m            }[0m
[0;36m        ],[0m
[0;36m        "name": "Seg_192.168.100.0/25",[0m
[0;36m        "type": "segment"[0m
[0;36m    },[0m
[0;36m    "skip_reason": "Conditional result was False"[0m
[0;36m}[0m
[0;34m<127.0.0.1> EXEC /bin/sh -c '( umask 77 && mkdir -p "` echo /home/runner/.ansible/tmp `"&& mkdir "` echo /home/runner/.ansible/tmp/ansible-tmp-1680854456.4646912-53-161778638802535 `" && echo ansible-tmp-1680854456.4646912-53-161778638802535="` echo /home/runner/.ansible/tmp/ansible-tmp-1680854456.4646912-53-161778638802535 `" ) && sleep 0'[0m
[0;34m<127.0.0.1> EXEC /bin/sh -c 'rm -f -r /home/runner/.ansible/tmp/ansible-tmp-1680854456.4646912-53-161778638802535/ > /dev/null 2>&1 && sleep 0'[0m
[0;31mThe full traceback is:[0m
[0;31mTraceback (most recent call last):[0m
[0;31m  File "/usr/local/lib/python3.8/site-packages/ansible/template/__init__.py", line 1156, in do_template[0m
[0;31m    res = j2_concat(rf)[0m
[0;31m  File "<template>", line 16, in root[0m
[0;31m  File "/usr/lib/python3.8/site-packages/jinja2/runtime.py", line 747, in _fail_with_undefined_error[0m
[0;31m    raise self._undefined_exception(self._undefined_message)[0m
[0;31mjinja2.exceptions.UndefinedError: 'dict object' has no attribute 'iflist'[0m
[0;31m[0m
[0;31mDuring handling of the above exception, another exception occurred:[0m
[0;31m[0m
[0;31mTraceback (most recent call last):[0m
[0;31m  File "/usr/local/lib/python3.8/site-packages/ansible/plugins/action/template.py", line 150, in run[0m
[0;31m    resultant = templar.do_template(template_data, preserve_trailing_newlines=True, escape_backslashes=False)[0m
[0;31m  File "/usr/local/lib/python3.8/site-packages/ansible/template/__init__.py", line 1193, in do_template[0m
[0;31m    raise AnsibleUndefinedVariable(e)[0m
[0;31mansible.errors.AnsibleUndefinedVariable: 'dict object' has no attribute 'iflist'[0m
[0;31mfailed: [localhost] (item={'name': 'regionc-svr01', 'agent_name': 'regionc-svr01', 'type': 'endpoint', 'if_list': [{'name': 'eth1.0', 'agent_name': 'eth1.0', 'ipv4': '192.168.100.10/25', 'description': 'to_Seg-192.168.100.0-25_Ethernet2', 'original_if': 'ens2'}]}) => {[0m
[0;31m    "ansible_loop_var": "item",[0m
[0;31m    "changed": false,[0m
[0;31m    "item": {[0m
[0;31m        "agent_name": "regionc-svr01",[0m
[0;31m        "if_list": [[0m
[0;31m            {[0m
[0;31m                "agent_name": "eth1.0",[0m
[0;31m                "description": "to_Seg-192.168.100.0-25_Ethernet2",[0m
[0;31m                "ipv4": "192.168.100.10/25",[0m
[0;31m                "name": "eth1.0",[0m
[0;31m                "original_if": "ens2"[0m
[0;31m            }[0m
[0;31m        ],[0m
[0;31m        "name": "regionc-svr01",[0m
[0;31m        "type": "endpoint"[0m
[0;31m    },[0m
[0;31m    "msg": "AnsibleUndefinedVariable: 'dict object' has no attribute 'iflist'"[0m
[0;31m}[0m
[0;36mskipping: [localhost] => (item={'name': 'Seg_192.168.1.0/30', 'agent_name': 'Seg-192.168.1.0-30', 'type': 'segment', 'if_list': [{'name': 'regionb-rt1_eth3.0', 'agent_name': 'Ethernet1', 'ipv4': None, 'description': 'to_regionb-rt1_eth3.0', 'original_if': 'regionb-rt1_Ethernet1'}, {'name': 'regionb-rt2_eth1.0', 'agent_name': 'Ethernet2', 'ipv4': None, 'description': 'to_regionb-rt2_eth1.0', 'original_if': 'regionb-rt2_Ethernet1'}]})  => {[0m
[0;36m    "ansible_loop_var": "item",[0m
[0;36m    "changed": false,[0m
[0;36m    "item": {[0m
[0;36m        "agent_name": "Seg-192.168.1.0-30",[0m
[0;36m        "if_list": [[0m
[0;36m            {[0m
[0;36m                "agent_name": "Ethernet1",[0m
[0;36m                "description": "to_regionb-rt1_eth3.0",[0m
[0;36m                "ipv4": null,[0m
[0;36m                "name": "regionb-rt1_eth3.0",[0m
[0;36m                "original_if": "regionb-rt1_Ethernet1"[0m
[0;36m            },[0m
[0;36m            {[0m
[0;36m                "agent_name": "Ethernet2",[0m
[0;36m                "description": "to_regionb-rt2_eth1.0",[0m
[0;36m                "ipv4": null,[0m
[0;36m                "name": "regionb-rt2_eth1.0",[0m
[0;36m                "original_if": "regionb-rt2_Ethernet1"[0m
[0;36m            }[0m
[0;36m        ],[0m
[0;36m        "name": "Seg_192.168.1.0/30",[0m
[0;36m        "type": "segment"[0m
[0;36m    },[0m
[0;36m    "skip_reason": "Conditional result was False"[0m
[0;36m}[0m
[0;34m<127.0.0.1> EXEC /bin/sh -c 'echo ~runner && sleep 0'[0m
[0;34m<127.0.0.1> EXEC /bin/sh -c '( umask 77 && mkdir -p "` echo /home/runner/.ansible/tmp `"&& mkdir "` echo /home/runner/.ansible/tmp/ansible-tmp-1680854456.535382-53-191140997523069 `" && echo ansible-tmp-1680854456.535382-53-191140997523069="` echo /home/runner/.ansible/tmp/ansible-tmp-1680854456.535382-53-191140997523069 `" ) && sleep 0'[0m
[0;34m<127.0.0.1> EXEC /bin/sh -c 'rm -f -r /home/runner/.ansible/tmp/ansible-tmp-1680854456.535382-53-191140997523069/ > /dev/null 2>&1 && sleep 0'[0m
[0;31mThe full traceback is:[0m
[0;31mTraceback (most recent call last):[0m
[0;31m  File "/usr/local/lib/python3.8/site-packages/ansible/template/__init__.py", line 1156, in do_template[0m
[0;31m    res = j2_concat(rf)[0m
[0;31m  File "<template>", line 16, in root[0m
[0;31m  File "/usr/lib/python3.8/site-packages/jinja2/runtime.py", line 747, in _fail_with_undefined_error[0m
[0;31m    raise self._undefined_exception(self._undefined_message)[0m
[0;31mjinja2.exceptions.UndefinedError: 'dict object' has no attribute 'iflist'[0m
[0;31m[0m
[0;31mDuring handling of the above exception, another exception occurred:[0m
[0;31m[0m
[0;31mTraceback (most recent call last):[0m
[0;31m  File "/usr/local/lib/python3.8/site-packages/ansible/plugins/action/template.py", line 150, in run[0m
[0;31m    resultant = templar.do_template(template_data, preserve_trailing_newlines=True, escape_backslashes=False)[0m
[0;31m  File "/usr/local/lib/python3.8/site-packages/ansible/template/__init__.py", line 1193, in do_template[0m
[0;31m    raise AnsibleUndefinedVariable(e)[0m
[0;31mansible.errors.AnsibleUndefinedVariable: 'dict object' has no attribute 'iflist'[0m
[0;31mfailed: [localhost] (item={'name': 'regionb-rt2', 'agent_name': 'regionb-rt2', 'type': 'node', 'if_list': [{'name': 'eth1.0', 'agent_name': 'eth1.0', 'ipv4': '192.168.1.2/30', 'description': 'to_Seg-192.168.1.0-30_Ethernet2', 'original_if': 'Ethernet1'}, {'name': 'eth2.0', 'agent_name': 'eth2.0', 'ipv4': '192.168.254.1/24', 'description': 'to_Seg-192.168.254.0-24_Ethernet1', 'original_if': 'Ethernet2'}]}) => {[0m
[0;31m    "ansible_loop_var": "item",[0m
[0;31m    "changed": false,[0m
[0;31m    "item": {[0m
[0;31m        "agent_name": "regionb-rt2",[0m
[0;31m        "if_list": [[0m
[0;31m            {[0m
[0;31m                "agent_name": "eth1.0",[0m
[0;31m                "description": "to_Seg-192.168.1.0-30_Ethernet2",[0m
[0;31m                "ipv4": "192.168.1.2/30",[0m
[0;31m                "name": "eth1.0",[0m
[0;31m                "original_if": "Ethernet1"[0m
[0;31m            },[0m
[0;31m            {[0m
[0;31m                "agent_name": "eth2.0",[0m
[0;31m                "description": "to_Seg-192.168.254.0-24_Ethernet1",[0m
[0;31m                "ipv4": "192.168.254.1/24",[0m
[0;31m                "name": "eth2.0",[0m
[0;31m                "original_if": "Ethernet2"[0m
[0;31m            }[0m
[0;31m        ],[0m
[0;31m        "name": "regionb-rt2",[0m
[0;31m        "type": "node"[0m
[0;31m    },[0m
[0;31m    "msg": "AnsibleUndefinedVariable: 'dict object' has no attribute 'iflist'"[0m
[0;31m}[0m
[0;34m<127.0.0.1> EXEC /bin/sh -c 'echo ~runner && sleep 0'[0m
[0;34m<127.0.0.1> EXEC /bin/sh -c '( umask 77 && mkdir -p "` echo /home/runner/.ansible/tmp `"&& mkdir "` echo /home/runner/.ansible/tmp/ansible-tmp-1680854456.60961-53-266466221048497 `" && echo ansible-tmp-1680854456.60961-53-266466221048497="` echo /home/runner/.ansible/tmp/ansible-tmp-1680854456.60961-53-266466221048497 `" ) && sleep 0'[0m
[0;36mskipping: [localhost] => (item={'name': 'Seg_192.168.254.0/24', 'agent_name': 'Seg-192.168.254.0-24', 'type': 'segment', 'if_list': [{'name': 'regionb-rt2_eth2.0', 'agent_name': 'Ethernet1', 'ipv4': None, 'description': 'to_regionb-rt2_eth2.0', 'original_if': 'regionb-rt2_Ethernet2'}, {'name': 'regionb-svr01_eth1.0', 'agent_name': 'Ethernet2', 'ipv4': None, 'description': 'to_regionb-svr01_eth1.0', 'original_if': 'regionb-svr01_ens2'}]})  => {[0m
[0;36m    "ansible_loop_var": "item",[0m
[0;36m    "changed": false,[0m
[0;36m    "item": {[0m
[0;36m        "agent_name": "Seg-192.168.254.0-24",[0m
[0;36m        "if_list": [[0m
[0;36m            {[0m
[0;36m                "agent_name": "Ethernet1",[0m
[0;36m                "description": "to_regionb-rt2_eth2.0",[0m
[0;36m                "ipv4": null,[0m
[0;36m                "name": "regionb-rt2_eth2.0",[0m
[0;36m                "original_if": "regionb-rt2_Ethernet2"[0m
[0;36m            },[0m
[0;36m            {[0m
[0;36m                "agent_name": "Ethernet2",[0m
[0;36m                "description": "to_regionb-svr01_eth1.0",[0m
[0;36m                "ipv4": null,[0m
[0;36m                "name": "regionb-svr01_eth1.0",[0m
[0;36m                "original_if": "regionb-svr01_ens2"[0m
[0;36m            }[0m
[0;36m        ],[0m
[0;36m        "name": "Seg_192.168.254.0/24",[0m
[0;36m        "type": "segment"[0m
[0;36m    },[0m
[0;36m    "skip_reason": "Conditional result was False"[0m
[0;36m}[0m
[0;34m<127.0.0.1> EXEC /bin/sh -c 'rm -f -r /home/runner/.ansible/tmp/ansible-tmp-1680854456.60961-53-266466221048497/ > /dev/null 2>&1 && sleep 0'[0m
[0;31mThe full traceback is:[0m
[0;31mTraceback (most recent call last):[0m
[0;31m  File "/usr/local/lib/python3.8/site-packages/ansible/template/__init__.py", line 1156, in do_template[0m
[0;31m    res = j2_concat(rf)[0m
[0;31m  File "<template>", line 16, in root[0m
[0;31m  File "/usr/lib/python3.8/site-packages/jinja2/runtime.py", line 747, in _fail_with_undefined_error[0m
[0;31m    raise self._undefined_exception(self._undefined_message)[0m
[0;31mjinja2.exceptions.UndefinedError: 'dict object' has no attribute 'iflist'[0m
[0;31m[0m
[0;31mDuring handling of the above exception, another exception occurred:[0m
[0;31m[0m
[0;31mTraceback (most recent call last):[0m
[0;31m  File "/usr/local/lib/python3.8/site-packages/ansible/plugins/action/template.py", line 150, in run[0m
[0;31m    resultant = templar.do_template(template_data, preserve_trailing_newlines=True, escape_backslashes=False)[0m
[0;31m  File "/usr/local/lib/python3.8/site-packages/ansible/template/__init__.py", line 1193, in do_template[0m
[0;31m    raise AnsibleUndefinedVariable(e)[0m
[0;31mansible.errors.AnsibleUndefinedVariable: 'dict object' has no attribute 'iflist'[0m
[0;31mfailed: [localhost] (item={'name': 'regionb-svr01', 'agent_name': 'regionb-svr01', 'type': 'endpoint', 'if_list': [{'name': 'eth1.0', 'agent_name': 'eth1.0', 'ipv4': '192.168.254.10/24', 'description': 'to_Seg-192.168.254.0-24_Ethernet2', 'original_if': 'ens2'}]}) => {[0m
[0;31m    "ansible_loop_var": "item",[0m
[0;31m    "changed": false,[0m
[0;31m    "item": {[0m
[0;31m        "agent_name": "regionb-svr01",[0m
[0;31m        "if_list": [[0m
[0;31m            {[0m
[0;31m                "agent_name": "eth1.0",[0m
[0;31m                "description": "to_Seg-192.168.254.0-24_Ethernet2",[0m
[0;31m                "ipv4": "192.168.254.10/24",[0m
[0;31m                "name": "eth1.0",[0m
[0;31m                "original_if": "ens2"[0m
[0;31m            }[0m
[0;31m        ],[0m
[0;31m        "name": "regionb-svr01",[0m
[0;31m        "type": "endpoint"[0m
[0;31m    },[0m
[0;31m    "msg": "AnsibleUndefinedVariable: 'dict object' has no attribute 'iflist'"[0m
[0;31m}[0m
[0;36mskipping: [localhost] => (item={'name': 'Seg_192.168.100.0/24', 'agent_name': 'Seg-192.168.100.0-24', 'type': 'segment', 'if_list': [{'name': 'regiona-rt2_eth2.0', 'agent_name': 'Ethernet1', 'ipv4': None, 'description': 'to_regiona-rt2_eth2.0', 'original_if': 'regiona-rt2_ge-0/0/1.0'}, {'name': 'regiona-svr02_eth1.0', 'agent_name': 'Ethernet2', 'ipv4': None, 'description': 'to_regiona-svr02_eth1.0', 'original_if': 'regiona-svr02_ens2'}]})  => {[0m
[0;36m    "ansible_loop_var": "item",[0m
[0;36m    "changed": false,[0m
[0;36m    "item": {[0m
[0;36m        "agent_name": "Seg-192.168.100.0-24",[0m
[0;36m        "if_list": [[0m
[0;36m            {[0m
[0;36m                "agent_name": "Ethernet1",[0m
[0;36m                "description": "to_regiona-rt2_eth2.0",[0m
[0;36m                "ipv4": null,[0m
[0;36m                "name": "regiona-rt2_eth2.0",[0m
[0;36m                "original_if": "regiona-rt2_ge-0/0/1.0"[0m
[0;36m            },[0m
[0;36m            {[0m
[0;36m                "agent_name": "Ethernet2",[0m
[0;36m                "description": "to_regiona-svr02_eth1.0",[0m
[0;36m                "ipv4": null,[0m
[0;36m                "name": "regiona-svr02_eth1.0",[0m
[0;36m                "original_if": "regiona-svr02_ens2"[0m
[0;36m            }[0m
[0;36m        ],[0m
[0;36m        "name": "Seg_192.168.100.0/24",[0m
[0;36m        "type": "segment"[0m
[0;36m    },[0m
[0;36m    "skip_reason": "Conditional result was False"[0m
[0;36m}[0m
[0;34m<127.0.0.1> EXEC /bin/sh -c 'echo ~runner && sleep 0'[0m
[0;34m<127.0.0.1> EXEC /bin/sh -c '( umask 77 && mkdir -p "` echo /home/runner/.ansible/tmp `"&& mkdir "` echo /home/runner/.ansible/tmp/ansible-tmp-1680854456.6889026-53-188503635262821 `" && echo ansible-tmp-1680854456.6889026-53-188503635262821="` echo /home/runner/.ansible/tmp/ansible-tmp-1680854456.6889026-53-188503635262821 `" ) && sleep 0'[0m
[0;34m<127.0.0.1> EXEC /bin/sh -c 'rm -f -r /home/runner/.ansible/tmp/ansible-tmp-1680854456.6889026-53-188503635262821/ > /dev/null 2>&1 && sleep 0'[0m
[0;31mThe full traceback is:[0m
[0;31mTraceback (most recent call last):[0m
[0;31m  File "/usr/local/lib/python3.8/site-packages/ansible/template/__init__.py", line 1156, in do_template[0m
[0;31m    res = j2_concat(rf)[0m
[0;31m  File "<template>", line 16, in root[0m
[0;31m  File "/usr/lib/python3.8/site-packages/jinja2/runtime.py", line 747, in _fail_with_undefined_error[0m
[0;31m    raise self._undefined_exception(self._undefined_message)[0m
[0;31mjinja2.exceptions.UndefinedError: 'dict object' has no attribute 'iflist'[0m
[0;31m[0m
[0;31mDuring handling of the above exception, another exception occurred:[0m
[0;31m[0m
[0;31mTraceback (most recent call last):[0m
[0;31m  File "/usr/local/lib/python3.8/site-packages/ansible/plugins/action/template.py", line 150, in run[0m
[0;31m    resultant = templar.do_template(template_data, preserve_trailing_newlines=True, escape_backslashes=False)[0m
[0;31m  File "/usr/local/lib/python3.8/site-packages/ansible/template/__init__.py", line 1193, in do_template[0m
[0;31m    raise AnsibleUndefinedVariable(e)[0m
[0;31mansible.errors.AnsibleUndefinedVariable: 'dict object' has no attribute 'iflist'[0m
[0;31mfailed: [localhost] (item={'name': 'regiona-svr02', 'agent_name': 'regiona-svr02', 'type': 'endpoint', 'if_list': [{'name': 'eth1.0', 'agent_name': 'eth1.0', 'ipv4': '192.168.100.210/24', 'description': 'to_Seg-192.168.100.0-24_Ethernet2', 'original_if': 'ens2'}]}) => {[0m
[0;31m    "ansible_loop_var": "item",[0m
[0;31m    "changed": false,[0m
[0;31m    "item": {[0m
[0;31m        "agent_name": "regiona-svr02",[0m
[0;31m        "if_list": [[0m
[0;31m            {[0m
[0;31m                "agent_name": "eth1.0",[0m
[0;31m                "description": "to_Seg-192.168.100.0-24_Ethernet2",[0m
[0;31m                "ipv4": "192.168.100.210/24",[0m
[0;31m                "name": "eth1.0",[0m
[0;31m                "original_if": "ens2"[0m
[0;31m            }[0m
[0;31m        ],[0m
[0;31m        "name": "regiona-svr02",[0m
[0;31m        "type": "endpoint"[0m
[0;31m    },[0m
[0;31m    "msg": "AnsibleUndefinedVariable: 'dict object' has no attribute 'iflist'"[0m
[0;31m}[0m

PLAY RECAP *********************************************************************
[0;31mlocalhost[0m                  : [0;32mok=1   [0m changed=0    unreachable=0    [0;31mfailed=1   [0m skipped=0    rescued=0    ignored=0   
